# JRE version: Java(TM) SE Runtime Environment (17.0.1+12) (build 17.0.1+12-LTS-39)
# Java VM: Java HotSpot(TM) 64-Bit Server VM (17.0.1+12-LTS-39, mixed mode, sharing, tiered, compressed oops, compressed class ptrs, g1 gc, windows-amd64)
GC Precious Log:
 CPUs: 4 total, 4 available
 Memory: 8138M
 Large Page Support: Disabled
 NUMA Support: Disabled
 Compressed Oops: Enabled (32-bit)
 Heap Region Size: 1M
 Heap Min Capacity: 256M
 Heap Initial Capacity: 256M
 Heap Max Capacity: 2G
 Pre-touch: Disabled
 Parallel Workers: 4
 Concurrent Workers: 1
 Concurrent Refinement Workers: 4
 Periodic GC: Disabled
 String Deduplication is enabled
Heap:
 garbage-first heap   total 262144K, used 83714K [0x0000000080000000, 0x0000000100000000)
  region size 1024K, 21 young (21504K), 14 survivors (14336K)
 Metaspace       used 79883K, committed 82048K, reserved 1122304K
  class space    used 9551K, committed 10496K, reserved 1048576K
GC Heap History (20 events):
Event: 0.780 GC heap before
{Heap before GC invocations=1 (full 0):
 garbage-first heap   total 262144K, used 17976K [0x0000000080000000, 0x0000000100000000)
  region size 1024K, 17 young (17408K), 2 survivors (2048K)
 Metaspace       used 6520K, committed 6656K, reserved 1056768K
  class space    used 625K, committed 704K, reserved 1048576K
}
Event: 0.787 GC heap after
{Heap after GC invocations=2 (full 0):
 garbage-first heap   total 262144K, used 8873K [0x0000000080000000, 0x0000000100000000)
  region size 1024K, 3 young (3072K), 3 survivors (3072K)
 Metaspace       used 6520K, committed 6656K, reserved 1056768K
  class space    used 625K, committed 704K, reserved 1048576K
}
Event: 1.108 GC heap before
{Heap before GC invocations=2 (full 0):
 garbage-first heap   total 262144K, used 23209K [0x0000000080000000, 0x0000000100000000)
  region size 1024K, 17 young (17408K), 3 survivors (3072K)
 Metaspace       used 10373K, committed 10752K, reserved 1064960K
  class space    used 1046K, committed 1216K, reserved 1048576K
}
Event: 1.112 GC heap after
{Heap after GC invocations=3 (full 0):
 garbage-first heap   total 262144K, used 10654K [0x0000000080000000, 0x0000000100000000)
  region size 1024K, 2 young (2048K), 2 survivors (2048K)
 Metaspace       used 10373K, committed 10752K, reserved 1064960K
  class space    used 1046K, committed 1216K, reserved 1048576K
}
Event: 2.358 GC heap before
{Heap before GC invocations=3 (full 0):
 garbage-first heap   total 262144K, used 49566K [0x0000000080000000, 0x0000000100000000)
  region size 1024K, 42 young (43008K), 2 survivors (2048K)
 Metaspace       used 20717K, committed 21504K, reserved 1073152K
  class space    used 2120K, committed 2432K, reserved 1048576K
}
Event: 2.364 GC heap after
{Heap after GC invocations=4 (full 0):
 garbage-first heap   total 262144K, used 17733K [0x0000000080000000, 0x0000000100000000)
  region size 1024K, 6 young (6144K), 6 survivors (6144K)
 Metaspace       used 20717K, committed 21504K, reserved 1073152K
  class space    used 2120K, committed 2432K, reserved 1048576K
}
Event: 4.010 GC heap before
{Heap before GC invocations=5 (full 0):
 garbage-first heap   total 262144K, used 81221K [0x0000000080000000, 0x0000000100000000)
  region size 1024K, 67 young (68608K), 6 survivors (6144K)
 Metaspace       used 33375K, committed 34496K, reserved 1081344K
  class space    used 3896K, committed 4352K, reserved 1048576K
}
Event: 4.025 GC heap after
{Heap after GC invocations=6 (full 0):
 garbage-first heap   total 262144K, used 26152K [0x0000000080000000, 0x0000000100000000)
  region size 1024K, 9 young (9216K), 9 survivors (9216K)
 Metaspace       used 33375K, committed 34496K, reserved 1081344K
  class space    used 3896K, committed 4352K, reserved 1048576K
}
Event: 4.044 GC heap before
{Heap before GC invocations=6 (full 0):
 garbage-first heap   total 262144K, used 29224K [0x0000000080000000, 0x0000000100000000)
  region size 1024K, 12 young (12288K), 9 survivors (9216K)
 Metaspace       used 33403K, committed 34560K, reserved 1081344K
  class space    used 3900K, committed 4352K, reserved 1048576K
}
Event: 4.052 GC heap after
{Heap after GC invocations=7 (full 0):
 garbage-first heap   total 262144K, used 27508K [0x0000000080000000, 0x0000000100000000)
  region size 1024K, 2 young (2048K), 2 survivors (2048K)
 Metaspace       used 33403K, committed 34560K, reserved 1081344K
  class space    used 3900K, committed 4352K, reserved 1048576K
}
Event: 4.326 GC heap before
{Heap before GC invocations=7 (full 0):
 garbage-first heap   total 262144K, used 62324K [0x0000000080000000, 0x0000000100000000)
  region size 1024K, 31 young (31744K), 2 survivors (2048K)
 Metaspace       used 35284K, committed 36416K, reserved 1081344K
  class space    used 4103K, committed 4608K, reserved 1048576K
}
Event: 4.332 GC heap after
{Heap after GC invocations=8 (full 0):
 garbage-first heap   total 262144K, used 32824K [0x0000000080000000, 0x0000000100000000)
  region size 1024K, 6 young (6144K), 6 survivors (6144K)
 Metaspace       used 35284K, committed 36416K, reserved 1081344K
  class space    used 4103K, committed 4608K, reserved 1048576K
}
Event: 7.251 GC heap before
{Heap before GC invocations=9 (full 0):
 garbage-first heap   total 262144K, used 149560K [0x0000000080000000, 0x0000000100000000)
  region size 1024K, 122 young (124928K), 6 survivors (6144K)
 Metaspace       used 59814K, committed 61440K, reserved 1105920K
  class space    used 7061K, committed 7744K, reserved 1048576K
}
Event: 7.262 GC heap after
{Heap after GC invocations=10 (full 0):
 garbage-first heap   total 262144K, used 44487K [0x0000000080000000, 0x0000000100000000)
  region size 1024K, 18 young (18432K), 18 survivors (18432K)
 Metaspace       used 59814K, committed 61440K, reserved 1105920K
  class space    used 7061K, committed 7744K, reserved 1048576K
}
Event: 14.138 GC heap before
{Heap before GC invocations=11 (full 0):
 garbage-first heap   total 262144K, used 179655K [0x0000000080000000, 0x0000000100000000)
  region size 1024K, 145 young (148480K), 18 survivors (18432K)
 Metaspace       used 76171K, committed 78272K, reserved 1122304K
  class space    used 9084K, committed 9920K, reserved 1048576K
}
Event: 14.161 GC heap after
{Heap after GC invocations=12 (full 0):
 garbage-first heap   total 262144K, used 62378K [0x0000000080000000, 0x0000000100000000)
  region size 1024K, 17 young (17408K), 17 survivors (17408K)
 Metaspace       used 76171K, committed 78272K, reserved 1122304K
  class space    used 9084K, committed 9920K, reserved 1048576K
}
Event: 14.200 GC heap before
{Heap before GC invocations=12 (full 0):
 garbage-first heap   total 262144K, used 63402K [0x0000000080000000, 0x0000000100000000)
  region size 1024K, 18 young (18432K), 17 survivors (17408K)
 Metaspace       used 76341K, committed 78400K, reserved 1122304K
  class space    used 9109K, committed 9920K, reserved 1048576K
}
Event: 14.210 GC heap after
{Heap after GC invocations=13 (full 0):
 garbage-first heap   total 262144K, used 63472K [0x0000000080000000, 0x0000000100000000)
  region size 1024K, 2 young (2048K), 2 survivors (2048K)
 Metaspace       used 76341K, committed 78400K, reserved 1122304K
  class space    used 9109K, committed 9920K, reserved 1048576K
}
Event: 304.022 GC heap before
{Heap before GC invocations=13 (full 0):
 garbage-first heap   total 262144K, used 188400K [0x0000000080000000, 0x0000000100000000)
  region size 1024K, 120 young (122880K), 2 survivors (2048K)
 Metaspace       used 79713K, committed 81920K, reserved 1122304K
  class space    used 9544K, committed 10496K, reserved 1048576K
}
Event: 304.035 GC heap after
{Heap after GC invocations=14 (full 0):
 garbage-first heap   total 262144K, used 77570K [0x0000000080000000, 0x0000000100000000)
  region size 1024K, 14 young (14336K), 14 survivors (14336K)
 Metaspace       used 79713K, committed 81920K, reserved 1122304K
  class space    used 9544K, committed 10496K, reserved 1048576K
}

