# JRE version: Java(TM) SE Runtime Environment (17.0.1+12) (build 17.0.1+12-LTS-39)
# Java VM: Java HotSpot(TM) 64-Bit Server VM (17.0.1+12-LTS-39, mixed mode, sharing, tiered, compressed oops, compressed class ptrs, g1 gc, windows-amd64)
GC Precious Log:
 CPUs: 4 total, 4 available
 Memory: 8138M
 Large Page Support: Disabled
 NUMA Support: Disabled
 Compressed Oops: Enabled (32-bit)
 Heap Region Size: 1M
 Heap Min Capacity: 256M
 Heap Initial Capacity: 256M
 Heap Max Capacity: 2G
 Pre-touch: Disabled
 Parallel Workers: 4
 Concurrent Workers: 1
 Concurrent Refinement Workers: 4
 Periodic GC: Disabled
 String Deduplication is enabled
Heap:
 garbage-first heap   total 262144K, used 147219K [0x0000000080000000, 0x0000000100000000)
  region size 1024K, 66 young (67584K), 12 survivors (12288K)
 Metaspace       used 101639K, committed 103808K, reserved 1146880K
  class space    used 12071K, committed 12992K, reserved 1048576K
GC Heap History (20 events):
Event: 1.007 GC heap before
{Heap before GC invocations=2 (full 0):
 garbage-first heap   total 262144K, used 24256K [0x0000000080000000, 0x0000000100000000)
  region size 1024K, 18 young (18432K), 3 survivors (3072K)
 Metaspace       used 10443K, committed 10752K, reserved 1064960K
  class space    used 1052K, committed 1216K, reserved 1048576K
}
Event: 1.012 GC heap after
{Heap after GC invocations=3 (full 0):
 garbage-first heap   total 262144K, used 10654K [0x0000000080000000, 0x0000000100000000)
  region size 1024K, 2 young (2048K), 2 survivors (2048K)
 Metaspace       used 10443K, committed 10752K, reserved 1064960K
  class space    used 1052K, committed 1216K, reserved 1048576K
}
Event: 2.053 GC heap before
{Heap before GC invocations=3 (full 0):
 garbage-first heap   total 262144K, used 50590K [0x0000000080000000, 0x0000000100000000)
  region size 1024K, 42 young (43008K), 2 survivors (2048K)
 Metaspace       used 20719K, committed 21504K, reserved 1073152K
  class space    used 2120K, committed 2432K, reserved 1048576K
}
Event: 2.060 GC heap after
{Heap after GC invocations=4 (full 0):
 garbage-first heap   total 262144K, used 17408K [0x0000000080000000, 0x0000000100000000)
  region size 1024K, 6 young (6144K), 6 survivors (6144K)
 Metaspace       used 20719K, committed 21504K, reserved 1073152K
  class space    used 2120K, committed 2432K, reserved 1048576K
}
Event: 3.185 GC heap before
{Heap before GC invocations=5 (full 0):
 garbage-first heap   total 262144K, used 66560K [0x0000000080000000, 0x0000000100000000)
  region size 1024K, 54 young (55296K), 6 survivors (6144K)
 Metaspace       used 30025K, committed 30976K, reserved 1081344K
  class space    used 3469K, committed 3840K, reserved 1048576K
}
Event: 3.195 GC heap after
{Heap after GC invocations=6 (full 0):
 garbage-first heap   total 262144K, used 24412K [0x0000000080000000, 0x0000000100000000)
  region size 1024K, 7 young (7168K), 7 survivors (7168K)
 Metaspace       used 30025K, committed 30976K, reserved 1081344K
  class space    used 3469K, committed 3840K, reserved 1048576K
}
Event: 5.304 GC heap before
{Heap before GC invocations=7 (full 0):
 garbage-first heap   total 262144K, used 140124K [0x0000000080000000, 0x0000000100000000)
  region size 1024K, 115 young (117760K), 7 survivors (7168K)
 Metaspace       used 48599K, committed 49984K, reserved 1097728K
  class space    used 5557K, committed 6080K, reserved 1048576K
}
Event: 5.319 GC heap after
{Heap after GC invocations=8 (full 0):
 garbage-first heap   total 262144K, used 39612K [0x0000000080000000, 0x0000000100000000)
  region size 1024K, 15 young (15360K), 15 survivors (15360K)
 Metaspace       used 48599K, committed 49984K, reserved 1097728K
  class space    used 5557K, committed 6080K, reserved 1048576K
}
Event: 5.471 GC heap before
{Heap before GC invocations=8 (full 0):
 garbage-first heap   total 262144K, used 47804K [0x0000000080000000, 0x0000000100000000)
  region size 1024K, 25 young (25600K), 15 survivors (15360K)
 Metaspace       used 50605K, committed 51968K, reserved 1097728K
  class space    used 5814K, committed 6336K, reserved 1048576K
}
Event: 5.481 GC heap after
{Heap after GC invocations=9 (full 0):
 garbage-first heap   total 262144K, used 42241K [0x0000000080000000, 0x0000000100000000)
  region size 1024K, 2 young (2048K), 2 survivors (2048K)
 Metaspace       used 50605K, committed 51968K, reserved 1097728K
  class space    used 5814K, committed 6336K, reserved 1048576K
}
Event: 7.613 GC heap before
{Heap before GC invocations=10 (full 0):
 garbage-first heap   total 262144K, used 177409K [0x0000000080000000, 0x0000000100000000)
  region size 1024K, 133 young (136192K), 2 survivors (2048K)
 Metaspace       used 70536K, committed 72192K, reserved 1114112K
  class space    used 8353K, committed 9024K, reserved 1048576K
}
Event: 7.630 GC heap after
{Heap after GC invocations=11 (full 0):
 garbage-first heap   total 262144K, used 58510K [0x0000000080000000, 0x0000000100000000)
  region size 1024K, 16 young (16384K), 16 survivors (16384K)
 Metaspace       used 70536K, committed 72192K, reserved 1114112K
  class space    used 8353K, committed 9024K, reserved 1048576K
}
Event: 9.035 GC heap before
{Heap before GC invocations=12 (full 0):
 garbage-first heap   total 262144K, used 185486K [0x0000000080000000, 0x0000000100000000)
  region size 1024K, 141 young (144384K), 16 survivors (16384K)
 Metaspace       used 80050K, committed 81792K, reserved 1122304K
  class space    used 9453K, committed 10176K, reserved 1048576K
}
Event: 9.056 GC heap after
{Heap after GC invocations=13 (full 0):
 garbage-first heap   total 262144K, used 67584K [0x0000000080000000, 0x0000000100000000)
  region size 1024K, 11 young (11264K), 11 survivors (11264K)
 Metaspace       used 80050K, committed 81792K, reserved 1122304K
  class space    used 9453K, committed 10176K, reserved 1048576K
}
Event: 9.078 GC heap before
{Heap before GC invocations=13 (full 0):
 garbage-first heap   total 262144K, used 68608K [0x0000000080000000, 0x0000000100000000)
  region size 1024K, 12 young (12288K), 11 survivors (11264K)
 Metaspace       used 80311K, committed 82112K, reserved 1122304K
  class space    used 9486K, committed 10240K, reserved 1048576K
}
Event: 9.087 GC heap after
{Heap after GC invocations=14 (full 0):
 garbage-first heap   total 262144K, used 68096K [0x0000000080000000, 0x0000000100000000)
  region size 1024K, 2 young (2048K), 2 survivors (2048K)
 Metaspace       used 80311K, committed 82112K, reserved 1122304K
  class space    used 9486K, committed 10240K, reserved 1048576K
}
Event: 19.190 GC heap before
{Heap before GC invocations=14 (full 0):
 garbage-first heap   total 262144K, used 201216K [0x0000000080000000, 0x0000000100000000)
  region size 1024K, 124 young (126976K), 2 survivors (2048K)
 Metaspace       used 97514K, committed 99584K, reserved 1138688K
  class space    used 11609K, committed 12480K, reserved 1048576K
}
Event: 19.202 GC heap after
{Heap after GC invocations=15 (full 0):
 garbage-first heap   total 262144K, used 85407K [0x0000000080000000, 0x0000000100000000)
  region size 1024K, 16 young (16384K), 16 survivors (16384K)
 Metaspace       used 97514K, committed 99584K, reserved 1138688K
  class space    used 11609K, committed 12480K, reserved 1048576K
}
Event: 19.925 GC heap before
{Heap before GC invocations=15 (full 0):
 garbage-first heap   total 262144K, used 200095K [0x0000000080000000, 0x0000000100000000)
  region size 1024K, 124 young (126976K), 16 survivors (16384K)
 Metaspace       used 98689K, committed 100800K, reserved 1138688K
  class space    used 11723K, committed 12608K, reserved 1048576K
}
Event: 19.942 GC heap after
{Heap after GC invocations=16 (full 0):
 garbage-first heap   total 262144K, used 93971K [0x0000000080000000, 0x0000000100000000)
  region size 1024K, 12 young (12288K), 12 survivors (12288K)
 Metaspace       used 98689K, committed 100800K, reserved 1138688K
  class space    used 11723K, committed 12608K, reserved 1048576K
}

