# JRE version: Java(TM) SE Runtime Environment (17.0.1+12) (build 17.0.1+12-LTS-39)
# Java VM: Java HotSpot(TM) 64-Bit Server VM (17.0.1+12-LTS-39, mixed mode, sharing, tiered, compressed oops, compressed class ptrs, g1 gc, windows-amd64)
GC Precious Log:
 CPUs: 4 total, 4 available
 Memory: 8138M
 Large Page Support: Disabled
 NUMA Support: Disabled
 Compressed Oops: Enabled (32-bit)
 Heap Region Size: 1M
 Heap Min Capacity: 256M
 Heap Initial Capacity: 256M
 Heap Max Capacity: 2G
 Pre-touch: Disabled
 Parallel Workers: 4
 Concurrent Workers: 1
 Concurrent Refinement Workers: 4
 Periodic GC: Disabled
 String Deduplication is enabled
Heap:
 garbage-first heap   total 262144K, used 138240K [0x0000000080000000, 0x0000000100000000)
  region size 1024K, 64 young (65536K), 2 survivors (2048K)
 Metaspace       used 80516K, committed 82560K, reserved 1122304K
  class space    used 9643K, committed 10560K, reserved 1048576K
GC Heap History (20 events):
Event: 0.554 GC heap before
{Heap before GC invocations=0 (full 0):
 garbage-first heap   total 262144K, used 13312K [0x0000000080000000, 0x0000000100000000)
  region size 1024K, 13 young (13312K), 0 survivors (0K)
 Metaspace       used 4544K, committed 4736K, reserved 1056768K
  class space    used 439K, committed 512K, reserved 1048576K
}
Event: 0.556 GC heap after
{Heap after GC invocations=1 (full 0):
 garbage-first heap   total 262144K, used 2613K [0x0000000080000000, 0x0000000100000000)
  region size 1024K, 2 young (2048K), 2 survivors (2048K)
 Metaspace       used 4544K, committed 4736K, reserved 1056768K
  class space    used 439K, committed 512K, reserved 1048576K
}
Event: 0.764 GC heap before
{Heap before GC invocations=1 (full 0):
 garbage-first heap   total 262144K, used 17973K [0x0000000080000000, 0x0000000100000000)
  region size 1024K, 17 young (17408K), 2 survivors (2048K)
 Metaspace       used 6488K, committed 6656K, reserved 1056768K
  class space    used 622K, committed 704K, reserved 1048576K
}
Event: 0.770 GC heap after
{Heap after GC invocations=2 (full 0):
 garbage-first heap   total 262144K, used 8953K [0x0000000080000000, 0x0000000100000000)
  region size 1024K, 3 young (3072K), 3 survivors (3072K)
 Metaspace       used 6488K, committed 6656K, reserved 1056768K
  class space    used 622K, committed 704K, reserved 1048576K
}
Event: 1.088 GC heap before
{Heap before GC invocations=2 (full 0):
 garbage-first heap   total 262144K, used 22265K [0x0000000080000000, 0x0000000100000000)
  region size 1024K, 17 young (17408K), 3 survivors (3072K)
 Metaspace       used 10279K, committed 10624K, reserved 1064960K
  class space    used 1032K, committed 1216K, reserved 1048576K
}
Event: 1.093 GC heap after
{Heap after GC invocations=3 (full 0):
 garbage-first heap   total 262144K, used 10457K [0x0000000080000000, 0x0000000100000000)
  region size 1024K, 2 young (2048K), 2 survivors (2048K)
 Metaspace       used 10279K, committed 10624K, reserved 1064960K
  class space    used 1032K, committed 1216K, reserved 1048576K
}
Event: 2.352 GC heap before
{Heap before GC invocations=3 (full 0):
 garbage-first heap   total 262144K, used 50393K [0x0000000080000000, 0x0000000100000000)
  region size 1024K, 43 young (44032K), 2 survivors (2048K)
 Metaspace       used 20715K, committed 21504K, reserved 1073152K
  class space    used 2119K, committed 2432K, reserved 1048576K
}
Event: 2.358 GC heap after
{Heap after GC invocations=4 (full 0):
 garbage-first heap   total 262144K, used 17894K [0x0000000080000000, 0x0000000100000000)
  region size 1024K, 6 young (6144K), 6 survivors (6144K)
 Metaspace       used 20715K, committed 21504K, reserved 1073152K
  class space    used 2119K, committed 2432K, reserved 1048576K
}
Event: 4.200 GC heap before
{Heap before GC invocations=5 (full 0):
 garbage-first heap   total 262144K, used 91622K [0x0000000080000000, 0x0000000100000000)
  region size 1024K, 75 young (76800K), 6 survivors (6144K)
 Metaspace       used 33435K, committed 34560K, reserved 1081344K
  class space    used 3907K, committed 4352K, reserved 1048576K
}
Event: 4.215 GC heap after
{Heap after GC invocations=6 (full 0):
 garbage-first heap   total 262144K, used 29278K [0x0000000080000000, 0x0000000100000000)
  region size 1024K, 10 young (10240K), 10 survivors (10240K)
 Metaspace       used 33435K, committed 34560K, reserved 1081344K
  class space    used 3907K, committed 4352K, reserved 1048576K
}
Event: 5.607 GC heap before
{Heap before GC invocations=7 (full 0):
 garbage-first heap   total 262144K, used 87646K [0x0000000080000000, 0x0000000100000000)
  region size 1024K, 65 young (66560K), 10 survivors (10240K)
 Metaspace       used 42626K, committed 43968K, reserved 1089536K
  class space    used 5054K, committed 5568K, reserved 1048576K
}
Event: 5.620 GC heap after
{Heap after GC invocations=8 (full 0):
 garbage-first heap   total 262144K, used 39936K [0x0000000080000000, 0x0000000100000000)
  region size 1024K, 9 young (9216K), 9 survivors (9216K)
 Metaspace       used 42626K, committed 43968K, reserved 1089536K
  class space    used 5054K, committed 5568K, reserved 1048576K
}
Event: 6.810 GC heap before
{Heap before GC invocations=8 (full 0):
 garbage-first heap   total 262144K, used 102400K [0x0000000080000000, 0x0000000100000000)
  region size 1024K, 72 young (73728K), 9 survivors (9216K)
 Metaspace       used 56056K, committed 57600K, reserved 1105920K
  class space    used 6551K, committed 7232K, reserved 1048576K
}
Event: 6.819 GC heap after
{Heap after GC invocations=9 (full 0):
 garbage-first heap   total 262144K, used 45056K [0x0000000080000000, 0x0000000100000000)
  region size 1024K, 5 young (5120K), 5 survivors (5120K)
 Metaspace       used 56056K, committed 57600K, reserved 1105920K
  class space    used 6551K, committed 7232K, reserved 1048576K
}
Event: 14.039 GC heap before
{Heap before GC invocations=10 (full 0):
 garbage-first heap   total 262144K, used 174080K [0x0000000080000000, 0x0000000100000000)
  region size 1024K, 125 young (128000K), 5 survivors (5120K)
 Metaspace       used 74564K, committed 76480K, reserved 1122304K
  class space    used 8924K, committed 9728K, reserved 1048576K
}
Event: 14.056 GC heap after
{Heap after GC invocations=11 (full 0):
 garbage-first heap   total 262144K, used 58368K [0x0000000080000000, 0x0000000100000000)
  region size 1024K, 16 young (16384K), 16 survivors (16384K)
 Metaspace       used 74564K, committed 76480K, reserved 1122304K
  class space    used 8924K, committed 9728K, reserved 1048576K
}
Event: 14.756 GC heap before
{Heap before GC invocations=12 (full 0):
 garbage-first heap   total 262144K, used 180224K [0x0000000080000000, 0x0000000100000000)
  region size 1024K, 131 young (134144K), 16 survivors (16384K)
 Metaspace       used 77647K, committed 79680K, reserved 1122304K
  class space    used 9274K, committed 10176K, reserved 1048576K
}
Event: 14.776 GC heap after
{Heap after GC invocations=13 (full 0):
 garbage-first heap   total 262144K, used 72851K [0x0000000080000000, 0x0000000100000000)
  region size 1024K, 15 young (15360K), 15 survivors (15360K)
 Metaspace       used 77647K, committed 79680K, reserved 1122304K
  class space    used 9274K, committed 10176K, reserved 1048576K
}
Event: 14.780 GC heap before
{Heap before GC invocations=13 (full 0):
 garbage-first heap   total 262144K, used 73875K [0x0000000080000000, 0x0000000100000000)
  region size 1024K, 16 young (16384K), 15 survivors (15360K)
 Metaspace       used 77651K, committed 79680K, reserved 1122304K
  class space    used 9274K, committed 10176K, reserved 1048576K
}
Event: 14.789 GC heap after
{Heap after GC invocations=14 (full 0):
 garbage-first heap   total 262144K, used 74752K [0x0000000080000000, 0x0000000100000000)
  region size 1024K, 2 young (2048K), 2 survivors (2048K)
 Metaspace       used 77651K, committed 79680K, reserved 1122304K
  class space    used 9274K, committed 10176K, reserved 1048576K
}

