# JRE version: Java(TM) SE Runtime Environment (17.0.1+12) (build 17.0.1+12-LTS-39)
# Java VM: Java HotSpot(TM) 64-Bit Server VM (17.0.1+12-LTS-39, mixed mode, sharing, tiered, compressed oops, compressed class ptrs, g1 gc, windows-amd64)
GC Precious Log:
 CPUs: 4 total, 4 available
 Memory: 8138M
 Large Page Support: Disabled
 NUMA Support: Disabled
 Compressed Oops: Enabled (32-bit)
 Heap Region Size: 1M
 Heap Min Capacity: 256M
 Heap Initial Capacity: 256M
 Heap Max Capacity: 2G
 Pre-touch: Disabled
 Parallel Workers: 4
 Concurrent Workers: 1
 Concurrent Refinement Workers: 4
 Periodic GC: Disabled
 String Deduplication is enabled
Heap:
 garbage-first heap   total 262144K, used 160242K [0x0000000080000000, 0x0000000100000000)
  region size 1024K, 85 young (87040K), 2 survivors (2048K)
 Metaspace       used 87458K, committed 89600K, reserved 1130496K
  class space    used 10517K, committed 11392K, reserved 1048576K
GC Heap History (20 events):
Event: 0.511 GC heap before
{Heap before GC invocations=0 (full 0):
 garbage-first heap   total 262144K, used 13312K [0x0000000080000000, 0x0000000100000000)
  region size 1024K, 13 young (13312K), 0 survivors (0K)
 Metaspace       used 4536K, committed 4736K, reserved 1056768K
  class space    used 439K, committed 512K, reserved 1048576K
}
Event: 0.514 GC heap after
{Heap after GC invocations=1 (full 0):
 garbage-first heap   total 262144K, used 2622K [0x0000000080000000, 0x0000000100000000)
  region size 1024K, 2 young (2048K), 2 survivors (2048K)
 Metaspace       used 4536K, committed 4736K, reserved 1056768K
  class space    used 439K, committed 512K, reserved 1048576K
}
Event: 0.729 GC heap before
{Heap before GC invocations=1 (full 0):
 garbage-first heap   total 262144K, used 17982K [0x0000000080000000, 0x0000000100000000)
  region size 1024K, 17 young (17408K), 2 survivors (2048K)
 Metaspace       used 6527K, committed 6656K, reserved 1056768K
  class space    used 623K, committed 704K, reserved 1048576K
}
Event: 0.735 GC heap after
{Heap after GC invocations=2 (full 0):
 garbage-first heap   total 262144K, used 8888K [0x0000000080000000, 0x0000000100000000)
  region size 1024K, 3 young (3072K), 3 survivors (3072K)
 Metaspace       used 6527K, committed 6656K, reserved 1056768K
  class space    used 623K, committed 704K, reserved 1048576K
}
Event: 1.062 GC heap before
{Heap before GC invocations=2 (full 0):
 garbage-first heap   total 262144K, used 23224K [0x0000000080000000, 0x0000000100000000)
  region size 1024K, 17 young (17408K), 3 survivors (3072K)
 Metaspace       used 10382K, committed 10752K, reserved 1064960K
  class space    used 1046K, committed 1216K, reserved 1048576K
}
Event: 1.067 GC heap after
{Heap after GC invocations=3 (full 0):
 garbage-first heap   total 262144K, used 10517K [0x0000000080000000, 0x0000000100000000)
  region size 1024K, 2 young (2048K), 2 survivors (2048K)
 Metaspace       used 10382K, committed 10752K, reserved 1064960K
  class space    used 1046K, committed 1216K, reserved 1048576K
}
Event: 2.272 GC heap before
{Heap before GC invocations=3 (full 0):
 garbage-first heap   total 262144K, used 49429K [0x0000000080000000, 0x0000000100000000)
  region size 1024K, 42 young (43008K), 2 survivors (2048K)
 Metaspace       used 20762K, committed 21504K, reserved 1073152K
  class space    used 2120K, committed 2368K, reserved 1048576K
}
Event: 2.279 GC heap after
{Heap after GC invocations=4 (full 0):
 garbage-first heap   total 262144K, used 17261K [0x0000000080000000, 0x0000000100000000)
  region size 1024K, 6 young (6144K), 6 survivors (6144K)
 Metaspace       used 20762K, committed 21504K, reserved 1073152K
  class space    used 2120K, committed 2368K, reserved 1048576K
}
Event: 3.834 GC heap before
{Heap before GC invocations=5 (full 0):
 garbage-first heap   total 262144K, used 79725K [0x0000000080000000, 0x0000000100000000)
  region size 1024K, 66 young (67584K), 6 survivors (6144K)
 Metaspace       used 32789K, committed 33856K, reserved 1081344K
  class space    used 3787K, committed 4160K, reserved 1048576K
}
Event: 3.846 GC heap after
{Heap after GC invocations=6 (full 0):
 garbage-first heap   total 262144K, used 25903K [0x0000000080000000, 0x0000000100000000)
  region size 1024K, 9 young (9216K), 9 survivors (9216K)
 Metaspace       used 32789K, committed 33856K, reserved 1081344K
  class space    used 3787K, committed 4160K, reserved 1048576K
}
Event: 5.846 GC heap before
{Heap before GC invocations=7 (full 0):
 garbage-first heap   total 262144K, used 140591K [0x0000000080000000, 0x0000000100000000)
  region size 1024K, 116 young (118784K), 9 survivors (9216K)
 Metaspace       used 50744K, committed 52224K, reserved 1097728K
  class space    used 5827K, committed 6400K, reserved 1048576K
}
Event: 5.861 GC heap after
{Heap after GC invocations=8 (full 0):
 garbage-first heap   total 262144K, used 40212K [0x0000000080000000, 0x0000000100000000)
  region size 1024K, 14 young (14336K), 14 survivors (14336K)
 Metaspace       used 50744K, committed 52224K, reserved 1097728K
  class space    used 5827K, committed 6400K, reserved 1048576K
}
Event: 6.344 GC heap before
{Heap before GC invocations=8 (full 0):
 garbage-first heap   total 262144K, used 58644K [0x0000000080000000, 0x0000000100000000)
  region size 1024K, 33 young (33792K), 14 survivors (14336K)
 Metaspace       used 55455K, committed 56960K, reserved 1105920K
  class space    used 6462K, committed 6976K, reserved 1048576K
}
Event: 6.354 GC heap after
{Heap after GC invocations=9 (full 0):
 garbage-first heap   total 262144K, used 42496K [0x0000000080000000, 0x0000000100000000)
  region size 1024K, 3 young (3072K), 3 survivors (3072K)
 Metaspace       used 55455K, committed 56960K, reserved 1105920K
  class space    used 6462K, committed 6976K, reserved 1048576K
}
Event: 12.869 GC heap before
{Heap before GC invocations=10 (full 0):
 garbage-first heap   total 262144K, used 165376K [0x0000000080000000, 0x0000000100000000)
  region size 1024K, 124 young (126976K), 3 survivors (3072K)
 Metaspace       used 78950K, committed 80960K, reserved 1122304K
  class space    used 9471K, committed 10368K, reserved 1048576K
}
Event: 12.882 GC heap after
{Heap after GC invocations=11 (full 0):
 garbage-first heap   total 262144K, used 55243K [0x0000000080000000, 0x0000000100000000)
  region size 1024K, 15 young (15360K), 15 survivors (15360K)
 Metaspace       used 78950K, committed 80960K, reserved 1122304K
  class space    used 9471K, committed 10368K, reserved 1048576K
}
Event: 14.004 GC heap before
{Heap before GC invocations=12 (full 0):
 garbage-first heap   total 262144K, used 186315K [0x0000000080000000, 0x0000000100000000)
  region size 1024K, 135 young (138240K), 15 survivors (15360K)
 Metaspace       used 82738K, committed 84864K, reserved 1130496K
  class space    used 9947K, committed 10880K, reserved 1048576K
}
Event: 14.026 GC heap after
{Heap after GC invocations=13 (full 0):
 garbage-first heap   total 262144K, used 73866K [0x0000000080000000, 0x0000000100000000)
  region size 1024K, 17 young (17408K), 17 survivors (17408K)
 Metaspace       used 82738K, committed 84864K, reserved 1130496K
  class space    used 9947K, committed 10880K, reserved 1048576K
}
Event: 14.041 GC heap before
{Heap before GC invocations=13 (full 0):
 garbage-first heap   total 262144K, used 74890K [0x0000000080000000, 0x0000000100000000)
  region size 1024K, 18 young (18432K), 17 survivors (17408K)
 Metaspace       used 82740K, committed 84864K, reserved 1130496K
  class space    used 9947K, committed 10880K, reserved 1048576K
}
Event: 14.051 GC heap after
{Heap after GC invocations=14 (full 0):
 garbage-first heap   total 262144K, used 74226K [0x0000000080000000, 0x0000000100000000)
  region size 1024K, 2 young (2048K), 2 survivors (2048K)
 Metaspace       used 82740K, committed 84864K, reserved 1130496K
  class space    used 9947K, committed 10880K, reserved 1048576K
}

