GC Precious Log:
 CPUs: 4 total, 4 available
 Memory: 8138M
 Large Page Support: Disabled
 NUMA Support: Disabled
 Compressed Oops: Enabled (32-bit)
 Heap Region Size: 1M
 Heap Min Capacity: 8M
 Heap Initial Capacity: 128M
 Heap Max Capacity: 2036M
 Pre-touch: Disabled
 Parallel Workers: 4
 Concurrent Workers: 1
 Concurrent Refinement Workers: 4
 Periodic GC: Disabled
Heap:
 garbage-first heap   total 486400K, used 369248K [0x0000000080c00000, 0x0000000100000000)
  region size 1024K, 94 young (96256K), 11 survivors (11264K)
 Metaspace       used 10953K, committed 11136K, reserved 1064960K
  class space    used 1100K, committed 1216K, reserved 1048576K
GC Heap History (20 events):
Event: 1480.096 GC heap before
{Heap before GC invocations=588 (full 0):
 garbage-first heap   total 475136K, used 416500K [0x0000000080c00000, 0x0000000100000000)
  region size 1024K, 149 young (152576K), 9 survivors (9216K)
 Metaspace       used 10943K, committed 11136K, reserved 1064960K
  class space    used 1098K, committed 1216K, reserved 1048576K
}
Event: 1480.105 GC heap after
{Heap after GC invocations=589 (full 0):
 garbage-first heap   total 475136K, used 274280K [0x0000000080c00000, 0x0000000100000000)
  region size 1024K, 10 young (10240K), 10 survivors (10240K)
 Metaspace       used 10943K, committed 11136K, reserved 1064960K
  class space    used 1098K, committed 1216K, reserved 1048576K
}
Event: 1487.029 GC heap before
{Heap before GC invocations=590 (full 0):
 garbage-first heap   total 475136K, used 415592K [0x0000000080c00000, 0x0000000100000000)
  region size 1024K, 148 young (151552K), 10 survivors (10240K)
 Metaspace       used 10943K, committed 11136K, reserved 1064960K
  class space    used 1098K, committed 1216K, reserved 1048576K
}
Event: 1487.039 GC heap after
{Heap after GC invocations=591 (full 0):
 garbage-first heap   total 475136K, used 275418K [0x0000000080c00000, 0x0000000100000000)
  region size 1024K, 11 young (11264K), 11 survivors (11264K)
 Metaspace       used 10943K, committed 11136K, reserved 1064960K
  class space    used 1098K, committed 1216K, reserved 1048576K
}
Event: 1493.923 GC heap before
{Heap before GC invocations=591 (full 0):
 garbage-first heap   total 475136K, used 414682K [0x0000000080c00000, 0x0000000100000000)
  region size 1024K, 147 young (150528K), 11 survivors (11264K)
 Metaspace       used 10943K, committed 11136K, reserved 1064960K
  class space    used 1098K, committed 1216K, reserved 1048576K
}
Event: 1493.936 GC heap after
{Heap after GC invocations=592 (full 0):
 garbage-first heap   total 475136K, used 276797K [0x0000000080c00000, 0x0000000100000000)
  region size 1024K, 11 young (11264K), 11 survivors (11264K)
 Metaspace       used 10943K, committed 11136K, reserved 1064960K
  class space    used 1098K, committed 1216K, reserved 1048576K
}
Event: 1500.763 GC heap before
{Heap before GC invocations=593 (full 0):
 garbage-first heap   total 476160K, used 415037K [0x0000000080c00000, 0x0000000100000000)
  region size 1024K, 146 young (149504K), 11 survivors (11264K)
 Metaspace       used 10943K, committed 11136K, reserved 1064960K
  class space    used 1098K, committed 1216K, reserved 1048576K
}
Event: 1500.773 GC heap after
{Heap after GC invocations=594 (full 0):
 garbage-first heap   total 476160K, used 278153K [0x0000000080c00000, 0x0000000100000000)
  region size 1024K, 11 young (11264K), 11 survivors (11264K)
 Metaspace       used 10943K, committed 11136K, reserved 1064960K
  class space    used 1098K, committed 1216K, reserved 1048576K
}
Event: 1507.635 GC heap before
{Heap before GC invocations=594 (full 0):
 garbage-first heap   total 476160K, used 416393K [0x0000000080c00000, 0x0000000100000000)
  region size 1024K, 146 young (149504K), 11 survivors (11264K)
 Metaspace       used 10943K, committed 11136K, reserved 1064960K
  class space    used 1098K, committed 1216K, reserved 1048576K
}
Event: 1507.645 GC heap after
{Heap after GC invocations=595 (full 0):
 garbage-first heap   total 476160K, used 279453K [0x0000000080c00000, 0x0000000100000000)
  region size 1024K, 11 young (11264K), 11 survivors (11264K)
 Metaspace       used 10943K, committed 11136K, reserved 1064960K
  class space    used 1098K, committed 1216K, reserved 1048576K
}
Event: 1514.440 GC heap before
{Heap before GC invocations=596 (full 0):
 garbage-first heap   total 480256K, used 416669K [0x0000000080c00000, 0x0000000100000000)
  region size 1024K, 145 young (148480K), 11 survivors (11264K)
 Metaspace       used 10943K, committed 11136K, reserved 1064960K
  class space    used 1098K, committed 1216K, reserved 1048576K
}
Event: 1514.450 GC heap after
{Heap after GC invocations=597 (full 0):
 garbage-first heap   total 480256K, used 280232K [0x0000000080c00000, 0x0000000100000000)
  region size 1024K, 11 young (11264K), 11 survivors (11264K)
 Metaspace       used 10943K, committed 11136K, reserved 1064960K
  class space    used 1098K, committed 1216K, reserved 1048576K
}
Event: 1521.351 GC heap before
{Heap before GC invocations=597 (full 0):
 garbage-first heap   total 480256K, used 419496K [0x0000000080c00000, 0x0000000100000000)
  region size 1024K, 147 young (150528K), 11 survivors (11264K)
 Metaspace       used 10943K, committed 11136K, reserved 1064960K
  class space    used 1098K, committed 1216K, reserved 1048576K
}
Event: 1521.361 GC heap after
{Heap after GC invocations=598 (full 0):
 garbage-first heap   total 480256K, used 281542K [0x0000000080c00000, 0x0000000100000000)
  region size 1024K, 11 young (11264K), 11 survivors (11264K)
 Metaspace       used 10943K, committed 11136K, reserved 1064960K
  class space    used 1098K, committed 1216K, reserved 1048576K
}
Event: 1528.137 GC heap before
{Heap before GC invocations=599 (full 0):
 garbage-first heap   total 485376K, used 418758K [0x0000000080c00000, 0x0000000100000000)
  region size 1024K, 145 young (148480K), 11 survivors (11264K)
 Metaspace       used 10943K, committed 11136K, reserved 1064960K
  class space    used 1098K, committed 1216K, reserved 1048576K
}
Event: 1528.149 GC heap after
{Heap after GC invocations=600 (full 0):
 garbage-first heap   total 485376K, used 282800K [0x0000000080c00000, 0x0000000100000000)
  region size 1024K, 11 young (11264K), 11 survivors (11264K)
 Metaspace       used 10943K, committed 11136K, reserved 1064960K
  class space    used 1098K, committed 1216K, reserved 1048576K
}
Event: 1535.056 GC heap before
{Heap before GC invocations=600 (full 0):
 garbage-first heap   total 485376K, used 424112K [0x0000000080c00000, 0x0000000100000000)
  region size 1024K, 149 young (152576K), 11 survivors (11264K)
 Metaspace       used 10943K, committed 11136K, reserved 1064960K
  class space    used 1098K, committed 1216K, reserved 1048576K
}
Event: 1535.067 GC heap after
{Heap after GC invocations=601 (full 0):
 garbage-first heap   total 485376K, used 284539K [0x0000000080c00000, 0x0000000100000000)
  region size 1024K, 11 young (11264K), 11 survivors (11264K)
 Metaspace       used 10943K, committed 11136K, reserved 1064960K
  class space    used 1098K, committed 1216K, reserved 1048576K
}
Event: 1541.985 GC heap before
{Heap before GC invocations=602 (full 0):
 garbage-first heap   total 486400K, used 424827K [0x0000000080c00000, 0x0000000100000000)
  region size 1024K, 148 young (151552K), 11 survivors (11264K)
 Metaspace       used 10943K, committed 11136K, reserved 1064960K
  class space    used 1098K, committed 1216K, reserved 1048576K
}
Event: 1541.995 GC heap after
{Heap after GC invocations=603 (full 0):
 garbage-first heap   total 486400K, used 285280K [0x0000000080c00000, 0x0000000100000000)
  region size 1024K, 11 young (11264K), 11 survivors (11264K)
 Metaspace       used 10943K, committed 11136K, reserved 1064960K
  class space    used 1098K, committed 1216K, reserved 1048576K
}

