# JRE version: Java(TM) SE Runtime Environment (17.0.1+12) (build 17.0.1+12-LTS-39)
# Java VM: Java HotSpot(TM) 64-Bit Server VM (17.0.1+12-LTS-39, mixed mode, sharing, tiered, compressed oops, compressed class ptrs, g1 gc, windows-amd64)
GC Precious Log:
 CPUs: 4 total, 4 available
 Memory: 8138M
 Large Page Support: Disabled
 NUMA Support: Disabled
 Compressed Oops: Enabled (32-bit)
 Heap Region Size: 1M
 Heap Min Capacity: 8M
 Heap Initial Capacity: 128M
 Heap Max Capacity: 2036M
 Pre-touch: Disabled
 Parallel Workers: 4
 Concurrent Workers: 1
 Concurrent Refinement Workers: 4
 Periodic GC: Disabled
Heap:
 garbage-first heap   total 445440K, used 291344K [0x0000000080c00000, 0x0000000100000000)
  region size 1024K, 9 young (9216K), 8 survivors (8192K)
 Metaspace       used 11006K, committed 11200K, reserved 1064960K
  class space    used 1100K, committed 1216K, reserved 1048576K
GC Heap History (20 events):
Event: 1468.107 GC heap before
{Heap before GC invocations=577 (full 0):
 garbage-first heap   total 445440K, used 389715K [0x0000000080c00000, 0x0000000100000000)
  region size 1024K, 114 young (116736K), 9 survivors (9216K)
 Metaspace       used 10999K, committed 11200K, reserved 1064960K
  class space    used 1098K, committed 1216K, reserved 1048576K
}
Event: 1468.119 GC heap after
{Heap after GC invocations=578 (full 0):
 garbage-first heap   total 445440K, used 283212K [0x0000000080c00000, 0x0000000100000000)
  region size 1024K, 9 young (9216K), 9 survivors (9216K)
 Metaspace       used 10999K, committed 11200K, reserved 1064960K
  class space    used 1098K, committed 1216K, reserved 1048576K
}
Event: 1473.268 GC heap before
{Heap before GC invocations=578 (full 0):
 garbage-first heap   total 445440K, used 389708K [0x0000000080c00000, 0x0000000100000000)
  region size 1024K, 113 young (115712K), 9 survivors (9216K)
 Metaspace       used 10999K, committed 11200K, reserved 1064960K
  class space    used 1098K, committed 1216K, reserved 1048576K
}
Event: 1473.277 GC heap after
{Heap after GC invocations=579 (full 0):
 garbage-first heap   total 445440K, used 284229K [0x0000000080c00000, 0x0000000100000000)
  region size 1024K, 9 young (9216K), 9 survivors (9216K)
 Metaspace       used 10999K, committed 11200K, reserved 1064960K
  class space    used 1098K, committed 1216K, reserved 1048576K
}
Event: 1478.491 GC heap before
{Heap before GC invocations=579 (full 0):
 garbage-first heap   total 445440K, used 389701K [0x0000000080c00000, 0x0000000100000000)
  region size 1024K, 112 young (114688K), 9 survivors (9216K)
 Metaspace       used 10999K, committed 11200K, reserved 1064960K
  class space    used 1098K, committed 1216K, reserved 1048576K
}
Event: 1478.501 GC heap after
{Heap after GC invocations=580 (full 0):
 garbage-first heap   total 445440K, used 284856K [0x0000000080c00000, 0x0000000100000000)
  region size 1024K, 8 young (8192K), 8 survivors (8192K)
 Metaspace       used 10999K, committed 11200K, reserved 1064960K
  class space    used 1098K, committed 1216K, reserved 1048576K
}
Event: 1483.662 GC heap before
{Heap before GC invocations=580 (full 0):
 garbage-first heap   total 445440K, used 391352K [0x0000000080c00000, 0x0000000100000000)
  region size 1024K, 112 young (114688K), 8 survivors (8192K)
 Metaspace       used 10999K, committed 11200K, reserved 1064960K
  class space    used 1098K, committed 1216K, reserved 1048576K
}
Event: 1483.672 GC heap after
{Heap after GC invocations=581 (full 0):
 garbage-first heap   total 445440K, used 286218K [0x0000000080c00000, 0x0000000100000000)
  region size 1024K, 9 young (9216K), 9 survivors (9216K)
 Metaspace       used 10999K, committed 11200K, reserved 1064960K
  class space    used 1098K, committed 1216K, reserved 1048576K
}
Event: 1488.420 GC heap before
{Heap before GC invocations=581 (full 0):
 garbage-first heap   total 445440K, used 389642K [0x0000000080c00000, 0x0000000100000000)
  region size 1024K, 110 young (112640K), 9 survivors (9216K)
 Metaspace       used 10999K, committed 11200K, reserved 1064960K
  class space    used 1098K, committed 1216K, reserved 1048576K
}
Event: 1488.432 GC heap after
{Heap after GC invocations=582 (full 0):
 garbage-first heap   total 445440K, used 287194K [0x0000000080c00000, 0x0000000100000000)
  region size 1024K, 9 young (9216K), 9 survivors (9216K)
 Metaspace       used 10999K, committed 11200K, reserved 1064960K
  class space    used 1098K, committed 1216K, reserved 1048576K
}
Event: 1493.161 GC heap before
{Heap before GC invocations=582 (full 0):
 garbage-first heap   total 445440K, used 389594K [0x0000000080c00000, 0x0000000100000000)
  region size 1024K, 109 young (111616K), 9 survivors (9216K)
 Metaspace       used 10999K, committed 11200K, reserved 1064960K
  class space    used 1098K, committed 1216K, reserved 1048576K
}
Event: 1493.171 GC heap after
{Heap after GC invocations=583 (full 0):
 garbage-first heap   total 445440K, used 288169K [0x0000000080c00000, 0x0000000100000000)
  region size 1024K, 9 young (9216K), 9 survivors (9216K)
 Metaspace       used 10999K, committed 11200K, reserved 1064960K
  class space    used 1098K, committed 1216K, reserved 1048576K
}
Event: 1498.455 GC heap before
{Heap before GC invocations=583 (full 0):
 garbage-first heap   total 445440K, used 389545K [0x0000000080c00000, 0x0000000100000000)
  region size 1024K, 108 young (110592K), 9 survivors (9216K)
 Metaspace       used 10999K, committed 11200K, reserved 1064960K
  class space    used 1098K, committed 1216K, reserved 1048576K
}
Event: 1498.468 GC heap after
{Heap after GC invocations=584 (full 0):
 garbage-first heap   total 445440K, used 288450K [0x0000000080c00000, 0x0000000100000000)
  region size 1024K, 8 young (8192K), 8 survivors (8192K)
 Metaspace       used 10999K, committed 11200K, reserved 1064960K
  class space    used 1098K, committed 1216K, reserved 1048576K
}
Event: 1503.335 GC heap before
{Heap before GC invocations=584 (full 0):
 garbage-first heap   total 445440K, used 391874K [0x0000000080c00000, 0x0000000100000000)
  region size 1024K, 109 young (111616K), 8 survivors (8192K)
 Metaspace       used 10999K, committed 11200K, reserved 1064960K
  class space    used 1098K, committed 1216K, reserved 1048576K
}
Event: 1503.345 GC heap after
{Heap after GC invocations=585 (full 0):
 garbage-first heap   total 445440K, used 289690K [0x0000000080c00000, 0x0000000100000000)
  region size 1024K, 8 young (8192K), 8 survivors (8192K)
 Metaspace       used 10999K, committed 11200K, reserved 1064960K
  class space    used 1098K, committed 1216K, reserved 1048576K
}
Event: 1508.240 GC heap before
{Heap before GC invocations=585 (full 0):
 garbage-first heap   total 445440K, used 392090K [0x0000000080c00000, 0x0000000100000000)
  region size 1024K, 108 young (110592K), 8 survivors (8192K)
 Metaspace       used 10999K, committed 11200K, reserved 1064960K
  class space    used 1098K, committed 1216K, reserved 1048576K
}
Event: 1508.250 GC heap after
{Heap after GC invocations=586 (full 0):
 garbage-first heap   total 445440K, used 290376K [0x0000000080c00000, 0x0000000100000000)
  region size 1024K, 8 young (8192K), 8 survivors (8192K)
 Metaspace       used 10999K, committed 11200K, reserved 1064960K
  class space    used 1098K, committed 1216K, reserved 1048576K
}
Event: 1513.548 GC heap before
{Heap before GC invocations=586 (full 0):
 garbage-first heap   total 445440K, used 391752K [0x0000000080c00000, 0x0000000100000000)
  region size 1024K, 107 young (109568K), 8 survivors (8192K)
 Metaspace       used 11006K, committed 11200K, reserved 1064960K
  class space    used 1100K, committed 1216K, reserved 1048576K
}
Event: 1513.561 GC heap after
{Heap after GC invocations=587 (full 0):
 garbage-first heap   total 445440K, used 291344K [0x0000000080c00000, 0x0000000100000000)
  region size 1024K, 8 young (8192K), 8 survivors (8192K)
 Metaspace       used 11006K, committed 11200K, reserved 1064960K
  class space    used 1100K, committed 1216K, reserved 1048576K
}

